<?xml version="1.0" encoding="UTF-8"?>
<!-- Generated by org.testng.reporters.JUnitXMLReporter -->
<testsuite ignored="0" hostname="Omar" failures="0" tests="11" name="Default test" time="45.951" errors="0" timestamp="2024-11-16T19:23:50 GMT+03:00">
  <testcase classname="TestCodenLabAutomation" name="RadioBtn" time="0.195"/>
  <testcase classname="TestCodenLabAutomation" name="DynamicInput" time="2.15"/>
  <testcase classname="TestCodenLabAutomation" name="SelectList" time="0.15"/>
  <testcase classname="TestCodenLabAutomation" name="CheckBoxExamples" time="0.086"/>
  <testcase classname="TestCodenLabAutomation" name="SwitchWindow" time="19.351"/>
  <testcase classname="TestCodenLabAutomation" name="TabWindow" time="3.217"/>
  <testcase classname="TestCodenLabAutomation" name="AlertExample" time="4.308"/>
  <testcase classname="TestCodenLabAutomation" name="TableExample" time="0.244"/>
  <testcase classname="TestCodenLabAutomation" name="ElementDisplayed" time="2.267"/>
  <testcase classname="TestCodenLabAutomation" name="Enable_Disable" time="1.713"/>
  <testcase classname="TestCodenLabAutomation" name="MouseHoverTest" time="0.327"/>
</testsuite> <!-- Default test -->
