<?xml version="1.0" encoding="UTF-8"?>
<!-- Generated by org.testng.reporters.JUnitXMLReporter -->
<testsuite ignored="0" hostname="Omar" failures="0" tests="4" name="Default test" time="15.351" errors="0" timestamp="2024-11-12T19:09:11 GMT+03:00">
  <testcase classname="TestCodenLabAutomation" name="RadioBtn" time="0.121"/>
  <testcase classname="TestCodenLabAutomation" name="DynamicInput" time="2.173"/>
  <testcase classname="TestCodenLabAutomation" name="SelectList" time="0.136"/>
  <testcase classname="TestCodenLabAutomation" name="CheckBoxExamples" time="0.085"/>
</testsuite> <!-- Default test -->
