<?xml version="1.0" encoding="UTF-8"?>
<testng-results ignored="0" total="4" passed="4" failed="0" skipped="0">
  <reporter-output>
  </reporter-output>
  <suite started-at="2024-11-12T19:08:56 GMT+03:00" name="Default suite" finished-at="2024-11-12T19:09:11 GMT+03:00" duration-ms="15351">
    <groups>
    </groups>
    <test started-at="2024-11-12T19:08:56 GMT+03:00" name="Default test" finished-at="2024-11-12T19:09:11 GMT+03:00" duration-ms="15351">
      <class name="TestCodenLabAutomation">
        <test-method is-config="true" signature="setUp()[pri:0, instance:TestCodenLabAutomation@6ff65192]" started-at="2024-11-12T19:08:56 GMT+03:00" name="setUp" finished-at="2024-11-12T19:09:09 GMT+03:00" duration-ms="12802" status="PASS">
          <reporter-output>
          </reporter-output>
        </test-method> <!-- setUp -->
        <test-method signature="RadioBtn()[pri:1, instance:TestCodenLabAutomation@6ff65192]" started-at="2024-11-12T19:09:09 GMT+03:00" name="RadioBtn" finished-at="2024-11-12T19:09:09 GMT+03:00" duration-ms="121" status="PASS">
          <reporter-output>
          </reporter-output>
        </test-method> <!-- RadioBtn -->
        <test-method signature="DynamicInput()[pri:2, instance:TestCodenLabAutomation@6ff65192]" started-at="2024-11-12T19:09:09 GMT+03:00" name="DynamicInput" finished-at="2024-11-12T19:09:11 GMT+03:00" duration-ms="2173" status="PASS">
          <reporter-output>
          </reporter-output>
        </test-method> <!-- DynamicInput -->
        <test-method signature="SelectList()[pri:3, instance:TestCodenLabAutomation@6ff65192]" started-at="2024-11-12T19:09:11 GMT+03:00" name="SelectList" finished-at="2024-11-12T19:09:11 GMT+03:00" duration-ms="136" status="PASS">
          <reporter-output>
          </reporter-output>
        </test-method> <!-- SelectList -->
        <test-method signature="CheckBoxExamples()[pri:4, instance:TestCodenLabAutomation@6ff65192]" started-at="2024-11-12T19:09:11 GMT+03:00" name="CheckBoxExamples" finished-at="2024-11-12T19:09:11 GMT+03:00" duration-ms="85" status="PASS">
          <reporter-output>
          </reporter-output>
        </test-method> <!-- CheckBoxExamples -->
      </class> <!-- TestCodenLabAutomation -->
    </test> <!-- Default test -->
  </suite> <!-- Default suite -->
</testng-results>
